0 info it worked if it ends with ok
1 verbose cli [ 'C:\\Program Files\\nodejs\\node.exe',
1 verbose cli   'C:\\Program Files\\nodejs\\node_modules\\npm\\bin\\npm-cli.js',
1 verbose cli   'start' ]
2 info using npm@3.3.12
3 info using node@v5.1.0
4 verbose run-script [ 'prestart', 'start', 'poststart' ]
5 info lifecycle LearnLanguages@0.0.1~prestart: LearnLanguages@0.0.1
6 verbose lifecycle LearnLanguages@0.0.1~prestart: unsafe-perm in lifecycle true
7 verbose lifecycle LearnLanguages@0.0.1~prestart: PATH: C:\Program Files\nodejs\node_modules\npm\bin\node-gyp-bin;G:\LearnLanguages\node_modules\.bin;C:\Program Files\ConEmu;C:\Program Files\ConEmu\ConEmu;C:\Program Files\Java\jdk1.8.0_51\bin;C:\ProgramData\Oracle\Java\javapath;C:\Program Files (x86)\NVIDIA Corporation\PhysX\Common;C:\Program Files (x86)\Intel\iCLS Client\;C:\Program Files\Intel\iCLS Client\;C:\WINDOWS\system32;C:\WINDOWS;C:\WINDOWS\System32\Wbem;C:\WINDOWS\System32\WindowsPowerShell\v1.0\;C:\Program Files\Intel\Intel(R) Management Engine Components\DAL;C:\Program Files (x86)\Intel\Intel(R) Management Engine Components\DAL;C:\Program Files\Intel\Intel(R) Management Engine Components\IPT;C:\Program Files (x86)\Intel\Intel(R) Management Engine Components\IPT;C:\Program Files\Intel\WiFi\bin\;C:\Program Files\Common Files\Intel\WirelessCommon\;C:\HashiCorp\Vagrant\bin;C:\Strawberry\c\bin;C:\Strawberry\perl\site\bin;C:\Strawberry\perl\bin;C:\Program Files\nodejs\;C:\Program Files\apache-maven-3.3.9-bin\apache-maven-3.3.9\bin;C:\Program Files\apache-maven-3.3.9-bin\apache-maven-3.3.9\bin\mvn*;C:\Program Files (x86)\Brackets\command;C:\Program Files\apache-maven-3.3.9-bin\apache-maven-3.3.9\bin\mvn*;C:\Program Files (x86)\Git\bin;C:\Python27\Scripts;C:\Program Files (x86)\Skype\Phone\;C:\WINDOWS\system32\config\systemprofile\.dnx\bin;C:\Program Files\Microsoft DNX\Dnvm\;C:\Program Files (x86)\Windows Live\Shared;C:\Android;C:\Windows\System32;C:\Python27;C:\Program Files\Microsoft SQL Server\130\Tools\Binn\;C:\Program Files (x86)\Windows Kits\8.1\Windows Performance Toolkit\;C:\Program Files (x86)\sbt\\bin;G:\play-2.2.6\play-2.2.6;C:\Program Files (x86)\scala\bin;C:\Program Files (x86)\Google\Cloud SDK\google-cloud-sdk\bin;C:\Users\Sai Upadhyayula\AppData\Roaming\npm;C:\Program Files (x86)\Microsoft VS Code\bin;C:\Program Files\Docker Toolbox;%USERPROFILE%\AppData\Local\Microsoft\WindowsApps;
8 verbose lifecycle LearnLanguages@0.0.1~prestart: CWD: G:\LearnLanguages
9 silly lifecycle LearnLanguages@0.0.1~prestart: Args: [ '/d /s /c', 'npm install' ]
10 silly lifecycle LearnLanguages@0.0.1~prestart: Returned: code: 0  signal: null
11 info lifecycle LearnLanguages@0.0.1~start: LearnLanguages@0.0.1
12 verbose lifecycle LearnLanguages@0.0.1~start: unsafe-perm in lifecycle true
13 verbose lifecycle LearnLanguages@0.0.1~start: PATH: C:\Program Files\nodejs\node_modules\npm\bin\node-gyp-bin;G:\LearnLanguages\node_modules\.bin;C:\Program Files\ConEmu;C:\Program Files\ConEmu\ConEmu;C:\Program Files\Java\jdk1.8.0_51\bin;C:\ProgramData\Oracle\Java\javapath;C:\Program Files (x86)\NVIDIA Corporation\PhysX\Common;C:\Program Files (x86)\Intel\iCLS Client\;C:\Program Files\Intel\iCLS Client\;C:\WINDOWS\system32;C:\WINDOWS;C:\WINDOWS\System32\Wbem;C:\WINDOWS\System32\WindowsPowerShell\v1.0\;C:\Program Files\Intel\Intel(R) Management Engine Components\DAL;C:\Program Files (x86)\Intel\Intel(R) Management Engine Components\DAL;C:\Program Files\Intel\Intel(R) Management Engine Components\IPT;C:\Program Files (x86)\Intel\Intel(R) Management Engine Components\IPT;C:\Program Files\Intel\WiFi\bin\;C:\Program Files\Common Files\Intel\WirelessCommon\;C:\HashiCorp\Vagrant\bin;C:\Strawberry\c\bin;C:\Strawberry\perl\site\bin;C:\Strawberry\perl\bin;C:\Program Files\nodejs\;C:\Program Files\apache-maven-3.3.9-bin\apache-maven-3.3.9\bin;C:\Program Files\apache-maven-3.3.9-bin\apache-maven-3.3.9\bin\mvn*;C:\Program Files (x86)\Brackets\command;C:\Program Files\apache-maven-3.3.9-bin\apache-maven-3.3.9\bin\mvn*;C:\Program Files (x86)\Git\bin;C:\Python27\Scripts;C:\Program Files (x86)\Skype\Phone\;C:\WINDOWS\system32\config\systemprofile\.dnx\bin;C:\Program Files\Microsoft DNX\Dnvm\;C:\Program Files (x86)\Windows Live\Shared;C:\Android;C:\Windows\System32;C:\Python27;C:\Program Files\Microsoft SQL Server\130\Tools\Binn\;C:\Program Files (x86)\Windows Kits\8.1\Windows Performance Toolkit\;C:\Program Files (x86)\sbt\\bin;G:\play-2.2.6\play-2.2.6;C:\Program Files (x86)\scala\bin;C:\Program Files (x86)\Google\Cloud SDK\google-cloud-sdk\bin;C:\Users\Sai Upadhyayula\AppData\Roaming\npm;C:\Program Files (x86)\Microsoft VS Code\bin;C:\Program Files\Docker Toolbox;%USERPROFILE%\AppData\Local\Microsoft\WindowsApps;
14 verbose lifecycle LearnLanguages@0.0.1~start: CWD: G:\LearnLanguages
15 silly lifecycle LearnLanguages@0.0.1~start: Args: [ '/d /s /c', 'http-server -a localhost -p 8000 -c-1 ./app' ]
16 silly lifecycle LearnLanguages@0.0.1~start: Returned: code: 1  signal: null
17 info lifecycle LearnLanguages@0.0.1~start: Failed to exec start script
18 verbose stack Error: LearnLanguages@0.0.1 start: `http-server -a localhost -p 8000 -c-1 ./app`
18 verbose stack Exit status 1
18 verbose stack     at EventEmitter.<anonymous> (C:\Program Files\nodejs\node_modules\npm\lib\utils\lifecycle.js:232:16)
18 verbose stack     at emitTwo (events.js:87:13)
18 verbose stack     at EventEmitter.emit (events.js:172:7)
18 verbose stack     at ChildProcess.<anonymous> (C:\Program Files\nodejs\node_modules\npm\lib\utils\spawn.js:24:14)
18 verbose stack     at emitTwo (events.js:87:13)
18 verbose stack     at ChildProcess.emit (events.js:172:7)
18 verbose stack     at maybeClose (internal/child_process.js:818:16)
18 verbose stack     at Process.ChildProcess._handle.onexit (internal/child_process.js:211:5)
19 verbose pkgid LearnLanguages@0.0.1
20 verbose cwd G:\LearnLanguages
21 error Windows_NT 10.0.14393
22 error argv "C:\\Program Files\\nodejs\\node.exe" "C:\\Program Files\\nodejs\\node_modules\\npm\\bin\\npm-cli.js" "start"
23 error node v5.1.0
24 error npm  v3.3.12
25 error code ELIFECYCLE
26 error LearnLanguages@0.0.1 start: `http-server -a localhost -p 8000 -c-1 ./app`
26 error Exit status 1
27 error Failed at the LearnLanguages@0.0.1 start script 'http-server -a localhost -p 8000 -c-1 ./app'.
27 error Make sure you have the latest version of node.js and npm installed.
27 error If you do, this is most likely a problem with the LearnLanguages package,
27 error not with npm itself.
27 error Tell the author that this fails on your system:
27 error     http-server -a localhost -p 8000 -c-1 ./app
27 error You can get their info via:
27 error     npm owner ls LearnLanguages
27 error There is likely additional logging output above.
28 verbose exit [ 1, true ]
